<?xml version="1.0" encoding="UTF-8"?>
<!-- Generated by org.testng.reporters.JUnitReportReporter -->
<testsuite hostname="DESKTOP-08D8J0K" failures="0" tests="4" name="api.test.userTest" time="8.763" errors="0" timestamp="2024-02-24T11:05:35 IST" skipped="0">
  <testcase classname="api.test.userTest" name="createTestUser" time="3.119"/>
  <testcase classname="api.test.userTest" name="getTestUser" time="1.435"/>
  <testcase classname="api.test.userTest" name="updateTestUser" time="2.766"/>
  <testcase classname="api.test.userTest" name="deleteTestUser" time="1.443"/>
</testsuite> <!-- api.test.userTest -->
