<?xml version="1.0" encoding="UTF-8"?>
<!-- Generated by org.testng.reporters.JUnitReportReporter -->
<testsuite hostname="IN-3LDDZY2" failures="0" tests="4" name="api.test.userTest" time="8.319" errors="0" timestamp="2023-11-15T22:02:21 IST" skipped="0">
  <testcase classname="api.test.userTest" name="createTestUser" time="3.457"/>
  <testcase classname="api.test.userTest" name="getTestUser" time="1.265"/>
  <testcase classname="api.test.userTest" name="updateTestUser" time="2.392"/>
  <testcase classname="api.test.userTest" name="deleteTestUser" time="1.205"/>
</testsuite> <!-- api.test.userTest -->
